# JRE version: OpenJDK Runtime Environment (11.0.11+9) (build 11.0.11+9-b60-7590822)
# Java VM: OpenJDK 64-Bit Server VM (11.0.11+9-b60-7590822, mixed mode, tiered, compressed oops, g1 gc, windows-amd64)
Heap:
 garbage-first heap   total 129024K, used 60423K [0x0000000080000000, 0x0000000100000000)
  region size 1024K, 11 young (11264K), 6 survivors (6144K)
 Metaspace       used 68380K, capacity 70041K, committed 70352K, reserved 1110016K
  class space    used 8834K, capacity 9423K, committed 9548K, reserved 1048576K
GC Heap History (20 events):
Event: 216.926 GC heap before
{Heap before GC invocations=5 (full 0):
 garbage-first heap   total 129024K, used 71693K [0x0000000080000000, 0x0000000100000000)
  region size 1024K, 56 young (57344K), 2 survivors (2048K)
 Metaspace       used 26399K, capacity 26968K, committed 27132K, reserved 1073152K
  class space    used 3417K, capacity 3616K, committed 3660K, reserved 1048576K
}
Event: 216.936 GC heap after
{Heap after GC invocations=6 (full 0):
 garbage-first heap   total 129024K, used 19339K [0x0000000080000000, 0x0000000100000000)
  region size 1024K, 3 young (3072K), 3 survivors (3072K)
 Metaspace       used 26399K, capacity 26968K, committed 27132K, reserved 1073152K
  class space    used 3417K, capacity 3616K, committed 3660K, reserved 1048576K
}
Event: 220.197 GC heap before
{Heap before GC invocations=6 (full 0):
 garbage-first heap   total 129024K, used 77707K [0x0000000080000000, 0x0000000100000000)
  region size 1024K, 61 young (62464K), 3 survivors (3072K)
 Metaspace       used 35117K, capacity 35926K, committed 36048K, reserved 1081344K
  class space    used 4537K, capacity 4862K, committed 4940K, reserved 1048576K
}
Event: 220.228 GC heap after
{Heap after GC invocations=7 (full 0):
 garbage-first heap   total 129024K, used 22878K [0x0000000080000000, 0x0000000100000000)
  region size 1024K, 7 young (7168K), 7 survivors (7168K)
 Metaspace       used 35117K, capacity 35926K, committed 36048K, reserved 1081344K
  class space    used 4537K, capacity 4862K, committed 4940K, reserved 1048576K
}
Event: 223.272 GC heap before
{Heap before GC invocations=8 (full 0):
 garbage-first heap   total 129024K, used 86366K [0x0000000080000000, 0x0000000100000000)
  region size 1024K, 67 young (68608K), 7 survivors (7168K)
 Metaspace       used 39522K, capacity 40414K, committed 40656K, reserved 1085440K
  class space    used 5042K, capacity 5393K, committed 5452K, reserved 1048576K
}
Event: 223.303 GC heap after
{Heap after GC invocations=9 (full 0):
 garbage-first heap   total 129024K, used 27927K [0x0000000080000000, 0x0000000100000000)
  region size 1024K, 9 young (9216K), 9 survivors (9216K)
 Metaspace       used 39522K, capacity 40414K, committed 40656K, reserved 1085440K
  class space    used 5042K, capacity 5393K, committed 5452K, reserved 1048576K
}
Event: 226.587 GC heap before
{Heap before GC invocations=9 (full 0):
 garbage-first heap   total 129024K, used 89367K [0x0000000080000000, 0x0000000100000000)
  region size 1024K, 69 young (70656K), 9 survivors (9216K)
 Metaspace       used 45130K, capacity 46203K, committed 46288K, reserved 1089536K
  class space    used 5775K, capacity 6162K, committed 6220K, reserved 1048576K
}
Event: 226.613 GC heap after
{Heap after GC invocations=10 (full 0):
 garbage-first heap   total 129024K, used 30008K [0x0000000080000000, 0x0000000100000000)
  region size 1024K, 3 young (3072K), 3 survivors (3072K)
 Metaspace       used 45130K, capacity 46203K, committed 46288K, reserved 1089536K
  class space    used 5775K, capacity 6162K, committed 6220K, reserved 1048576K
}
Event: 229.828 GC heap before
{Heap before GC invocations=10 (full 0):
 garbage-first heap   total 129024K, used 94520K [0x0000000080000000, 0x0000000100000000)
  region size 1024K, 64 young (65536K), 3 survivors (3072K)
 Metaspace       used 48110K, capacity 49397K, committed 49488K, reserved 1091584K
  class space    used 6122K, capacity 6584K, committed 6604K, reserved 1048576K
}
Event: 229.844 GC heap after
{Heap after GC invocations=11 (full 0):
 garbage-first heap   total 129024K, used 36249K [0x0000000080000000, 0x0000000100000000)
  region size 1024K, 6 young (6144K), 6 survivors (6144K)
 Metaspace       used 48110K, capacity 49397K, committed 49488K, reserved 1091584K
  class space    used 6122K, capacity 6584K, committed 6604K, reserved 1048576K
}
Event: 232.954 GC heap before
{Heap before GC invocations=11 (full 0):
 garbage-first heap   total 129024K, used 97689K [0x0000000080000000, 0x0000000100000000)
  region size 1024K, 65 young (66560K), 6 survivors (6144K)
 Metaspace       used 54877K, capacity 56285K, committed 56528K, reserved 1097728K
  class space    used 6961K, capacity 7458K, committed 7500K, reserved 1048576K
}
Event: 232.975 GC heap after
{Heap after GC invocations=12 (full 0):
 garbage-first heap   total 129024K, used 45035K [0x0000000080000000, 0x0000000100000000)
  region size 1024K, 9 young (9216K), 9 survivors (9216K)
 Metaspace       used 54877K, capacity 56285K, committed 56528K, reserved 1097728K
  class space    used 6961K, capacity 7458K, committed 7500K, reserved 1048576K
}
Event: 234.688 GC heap before
{Heap before GC invocations=12 (full 0):
 garbage-first heap   total 129024K, used 70635K [0x0000000080000000, 0x0000000100000000)
  region size 1024K, 35 young (35840K), 9 survivors (9216K)
 Metaspace       used 58910K, capacity 60375K, committed 60496K, reserved 1101824K
  class space    used 7476K, capacity 8051K, committed 8140K, reserved 1048576K
}
Event: 234.726 GC heap after
{Heap after GC invocations=13 (full 0):
 garbage-first heap   total 129024K, used 47013K [0x0000000080000000, 0x0000000100000000)
  region size 1024K, 2 young (2048K), 2 survivors (2048K)
 Metaspace       used 58910K, capacity 60375K, committed 60496K, reserved 1101824K
  class space    used 7476K, capacity 8051K, committed 8140K, reserved 1048576K
}
Event: 237.506 GC heap before
{Heap before GC invocations=14 (full 0):
 garbage-first heap   total 129024K, used 87973K [0x0000000080000000, 0x0000000100000000)
  region size 1024K, 43 young (44032K), 2 survivors (2048K)
 Metaspace       used 62937K, capacity 64470K, committed 64848K, reserved 1105920K
  class space    used 7951K, capacity 8514K, committed 8652K, reserved 1048576K
}
Event: 237.519 GC heap after
{Heap after GC invocations=15 (full 0):
 garbage-first heap   total 129024K, used 51000K [0x0000000080000000, 0x0000000100000000)
  region size 1024K, 6 young (6144K), 6 survivors (6144K)
 Metaspace       used 62937K, capacity 64470K, committed 64848K, reserved 1105920K
  class space    used 7951K, capacity 8514K, committed 8652K, reserved 1048576K
}
Event: 239.117 GC heap before
{Heap before GC invocations=15 (full 0):
 garbage-first heap   total 129024K, used 94008K [0x0000000080000000, 0x0000000100000000)
  region size 1024K, 47 young (48128K), 6 survivors (6144K)
 Metaspace       used 64856K, capacity 66488K, committed 66640K, reserved 1107968K
  class space    used 8238K, capacity 8836K, committed 8908K, reserved 1048576K
}
Event: 239.133 GC heap after
{Heap after GC invocations=16 (full 0):
 garbage-first heap   total 129024K, used 53580K [0x0000000080000000, 0x0000000100000000)
  region size 1024K, 3 young (3072K), 3 survivors (3072K)
 Metaspace       used 64856K, capacity 66488K, committed 66640K, reserved 1107968K
  class space    used 8238K, capacity 8836K, committed 8908K, reserved 1048576K
}
Event: 241.831 GC heap before
{Heap before GC invocations=16 (full 0):
 garbage-first heap   total 129024K, used 95564K [0x0000000080000000, 0x0000000100000000)
  region size 1024K, 44 young (45056K), 3 survivors (3072K)
 Metaspace       used 67713K, capacity 69299K, committed 69328K, reserved 1110016K
  class space    used 8683K, capacity 9263K, committed 9292K, reserved 1048576K
}
Event: 241.846 GC heap after
{Heap after GC invocations=17 (full 0):
 garbage-first heap   total 129024K, used 56327K [0x0000000080000000, 0x0000000100000000)
  region size 1024K, 6 young (6144K), 6 survivors (6144K)
 Metaspace       used 67713K, capacity 69299K, committed 69328K, reserved 1110016K
  class space    used 8683K, capacity 9263K, committed 9292K, reserved 1048576K
}

