# JRE version: OpenJDK Runtime Environment (11.0.11+9) (build 11.0.11+9-b60-7590822)
# Java VM: OpenJDK 64-Bit Server VM (11.0.11+9-b60-7590822, mixed mode, tiered, compressed oops, g1 gc, windows-amd64)
Heap:
 garbage-first heap   total 129024K, used 72563K [0x0000000080000000, 0x0000000100000000)
  region size 1024K, 4 young (4096K), 3 survivors (3072K)
 Metaspace       used 81055K, capacity 83174K, committed 83536K, reserved 1132544K
  class space    used 10622K, capacity 11413K, committed 11520K, reserved 1048576K
GC Heap History (20 events):
Event: 242.868 GC heap before
{Heap before GC invocations=10 (full 0):
 garbage-first heap   total 129024K, used 100981K [0x0000000080000000, 0x0000000100000000)
  region size 1024K, 67 young (68608K), 3 survivors (3072K)
 Metaspace       used 48482K, capacity 49760K, committed 50000K, reserved 1093632K
  class space    used 6172K, capacity 6620K, committed 6656K, reserved 1048576K
}
Event: 242.883 GC heap after
{Heap after GC invocations=11 (full 0):
 garbage-first heap   total 129024K, used 43823K [0x0000000080000000, 0x0000000100000000)
  region size 1024K, 9 young (9216K), 9 survivors (9216K)
 Metaspace       used 48482K, capacity 49760K, committed 50000K, reserved 1093632K
  class space    used 6172K, capacity 6620K, committed 6656K, reserved 1048576K
}
Event: 245.421 GC heap before
{Heap before GC invocations=11 (full 0):
 garbage-first heap   total 129024K, used 97071K [0x0000000080000000, 0x0000000100000000)
  region size 1024K, 61 young (62464K), 9 survivors (9216K)
 Metaspace       used 56077K, capacity 57520K, committed 57680K, reserved 1099776K
  class space    used 7088K, capacity 7595K, committed 7680K, reserved 1048576K
}
Event: 245.443 GC heap after
{Heap after GC invocations=12 (full 0):
 garbage-first heap   total 129024K, used 46610K [0x0000000080000000, 0x0000000100000000)
  region size 1024K, 3 young (3072K), 3 survivors (3072K)
 Metaspace       used 56077K, capacity 57520K, committed 57680K, reserved 1099776K
  class space    used 7088K, capacity 7595K, committed 7680K, reserved 1048576K
}
Event: 246.299 GC heap before
{Heap before GC invocations=12 (full 0):
 garbage-first heap   total 129024K, used 62994K [0x0000000080000000, 0x0000000100000000)
  region size 1024K, 20 young (20480K), 3 survivors (3072K)
 Metaspace       used 58593K, capacity 60096K, committed 60240K, reserved 1101824K
  class space    used 7428K, capacity 7916K, committed 7936K, reserved 1048576K
}
Event: 246.315 GC heap after
{Heap after GC invocations=13 (full 0):
 garbage-first heap   total 129024K, used 47233K [0x0000000080000000, 0x0000000100000000)
  region size 1024K, 3 young (3072K), 3 survivors (3072K)
 Metaspace       used 58593K, capacity 60096K, committed 60240K, reserved 1101824K
  class space    used 7428K, capacity 7916K, committed 7936K, reserved 1048576K
}
Event: 248.929 GC heap before
{Heap before GC invocations=14 (full 0):
 garbage-first heap   total 129024K, used 98433K [0x0000000080000000, 0x0000000100000000)
  region size 1024K, 54 young (55296K), 3 survivors (3072K)
 Metaspace       used 63579K, capacity 65144K, committed 65360K, reserved 1105920K
  class space    used 8034K, capacity 8612K, committed 8704K, reserved 1048576K
}
Event: 248.944 GC heap after
{Heap after GC invocations=15 (full 0):
 garbage-first heap   total 129024K, used 51329K [0x0000000080000000, 0x0000000100000000)
  region size 1024K, 7 young (7168K), 7 survivors (7168K)
 Metaspace       used 63579K, capacity 65144K, committed 65360K, reserved 1105920K
  class space    used 8034K, capacity 8612K, committed 8704K, reserved 1048576K
}
Event: 250.693 GC heap before
{Heap before GC invocations=15 (full 0):
 garbage-first heap   total 129024K, used 101505K [0x0000000080000000, 0x0000000100000000)
  region size 1024K, 56 young (57344K), 7 survivors (7168K)
 Metaspace       used 64858K, capacity 66561K, committed 66896K, reserved 1107968K
  class space    used 8240K, capacity 8863K, committed 8960K, reserved 1048576K
}
Event: 250.714 GC heap after
{Heap after GC invocations=16 (full 0):
 garbage-first heap   total 129024K, used 55161K [0x0000000080000000, 0x0000000100000000)
  region size 1024K, 4 young (4096K), 4 survivors (4096K)
 Metaspace       used 64858K, capacity 66561K, committed 66896K, reserved 1107968K
  class space    used 8240K, capacity 8863K, committed 8960K, reserved 1048576K
}
Event: 253.234 GC heap before
{Heap before GC invocations=16 (full 0):
 garbage-first heap   total 129024K, used 103289K [0x0000000080000000, 0x0000000100000000)
  region size 1024K, 51 young (52224K), 4 survivors (4096K)
 Metaspace       used 70142K, capacity 71823K, committed 72016K, reserved 1112064K
  class space    used 9085K, capacity 9695K, committed 9728K, reserved 1048576K
}
Event: 253.251 GC heap after
{Heap after GC invocations=17 (full 0):
 garbage-first heap   total 129024K, used 57936K [0x0000000080000000, 0x0000000100000000)
  region size 1024K, 7 young (7168K), 7 survivors (7168K)
 Metaspace       used 70142K, capacity 71823K, committed 72016K, reserved 1112064K
  class space    used 9085K, capacity 9695K, committed 9728K, reserved 1048576K
}
Event: 254.534 GC heap before
{Heap before GC invocations=17 (full 0):
 garbage-first heap   total 129024K, used 104016K [0x0000000080000000, 0x0000000100000000)
  region size 1024K, 52 young (53248K), 7 survivors (7168K)
 Metaspace       used 71440K, capacity 73130K, committed 73296K, reserved 1112064K
  class space    used 9281K, capacity 9910K, committed 9984K, reserved 1048576K
}
Event: 254.555 GC heap after
{Heap after GC invocations=18 (full 0):
 garbage-first heap   total 129024K, used 61878K [0x0000000080000000, 0x0000000100000000)
  region size 1024K, 7 young (7168K), 7 survivors (7168K)
 Metaspace       used 71440K, capacity 73130K, committed 73296K, reserved 1112064K
  class space    used 9281K, capacity 9910K, committed 9984K, reserved 1048576K
}
Event: 256.529 GC heap before
{Heap before GC invocations=18 (full 0):
 garbage-first heap   total 129024K, used 104886K [0x0000000080000000, 0x0000000100000000)
  region size 1024K, 49 young (50176K), 7 survivors (7168K)
 Metaspace       used 75186K, capacity 77026K, committed 77264K, reserved 1116160K
  class space    used 9836K, capacity 10536K, committed 10624K, reserved 1048576K
}
Event: 256.547 GC heap after
{Heap after GC invocations=19 (full 0):
 garbage-first heap   total 129024K, used 64147K [0x0000000080000000, 0x0000000100000000)
  region size 1024K, 6 young (6144K), 6 survivors (6144K)
 Metaspace       used 75186K, capacity 77026K, committed 77264K, reserved 1116160K
  class space    used 9836K, capacity 10536K, committed 10624K, reserved 1048576K
}
Event: 258.830 GC heap before
{Heap before GC invocations=19 (full 0):
 garbage-first heap   total 129024K, used 106131K [0x0000000080000000, 0x0000000100000000)
  region size 1024K, 47 young (48128K), 6 survivors (6144K)
 Metaspace       used 79141K, capacity 81101K, committed 81360K, reserved 1120256K
  class space    used 10370K, capacity 11066K, committed 11136K, reserved 1048576K
}
Event: 258.849 GC heap after
{Heap after GC invocations=20 (full 0):
 garbage-first heap   total 129024K, used 67557K [0x0000000080000000, 0x0000000100000000)
  region size 1024K, 6 young (6144K), 6 survivors (6144K)
 Metaspace       used 79141K, capacity 81101K, committed 81360K, reserved 1120256K
  class space    used 10370K, capacity 11066K, committed 11136K, reserved 1048576K
}
Event: 262.780 GC heap before
{Heap before GC invocations=21 (full 0):
 garbage-first heap   total 129024K, used 105445K [0x0000000080000000, 0x0000000100000000)
  region size 1024K, 44 young (45056K), 6 survivors (6144K)
 Metaspace       used 80734K, capacity 82852K, committed 83024K, reserved 1120256K
  class space    used 10608K, capacity 11398K, committed 11520K, reserved 1048576K
}
Event: 262.801 GC heap after
{Heap after GC invocations=22 (full 0):
 garbage-first heap   total 129024K, used 70390K [0x0000000080000000, 0x0000000100000000)
  region size 1024K, 4 young (4096K), 4 survivors (4096K)
 Metaspace       used 80734K, capacity 82852K, committed 83024K, reserved 1120256K
  class space    used 10608K, capacity 11398K, committed 11520K, reserved 1048576K
}

