# JRE version: OpenJDK Runtime Environment (11.0.11+9) (build 11.0.11+9-b60-7590822)
# Java VM: OpenJDK 64-Bit Server VM (11.0.11+9-b60-7590822, mixed mode, tiered, compressed oops, g1 gc, windows-amd64)
Heap:
 garbage-first heap   total 129024K, used 102448K [0x0000000080000000, 0x0000000100000000)
  region size 1024K, 23 young (23552K), 4 survivors (4096K)
 Metaspace       used 77189K, capacity 79273K, committed 79408K, reserved 1118208K
  class space    used 10035K, capacity 10785K, committed 10880K, reserved 1048576K
GC Heap History (20 events):
Event: 196.207 GC heap before
{Heap before GC invocations=14 (full 0):
 garbage-first heap   total 129024K, used 103462K [0x0000000080000000, 0x0000000100000000)
  region size 1024K, 46 young (47104K), 5 survivors (5120K)
 Metaspace       used 52330K, capacity 53897K, committed 54064K, reserved 1095680K
  class space    used 6660K, capacity 7185K, committed 7296K, reserved 1048576K
}
Event: 196.225 GC heap after
{Heap after GC invocations=15 (full 0):
 garbage-first heap   total 129024K, used 68586K [0x0000000080000000, 0x0000000100000000)
  region size 1024K, 6 young (6144K), 6 survivors (6144K)
 Metaspace       used 52330K, capacity 53897K, committed 54064K, reserved 1095680K
  class space    used 6660K, capacity 7185K, committed 7296K, reserved 1048576K
}
Event: 198.058 GC heap before
{Heap before GC invocations=15 (full 0):
 garbage-first heap   total 129024K, used 102378K [0x0000000080000000, 0x0000000100000000)
  region size 1024K, 39 young (39936K), 6 survivors (6144K)
 Metaspace       used 57057K, capacity 58756K, committed 58928K, reserved 1099776K
  class space    used 7242K, capacity 7802K, committed 7808K, reserved 1048576K
}
Event: 198.071 GC heap after
{Heap after GC invocations=16 (full 0):
 garbage-first heap   total 129024K, used 70382K [0x0000000080000000, 0x0000000100000000)
  region size 1024K, 2 young (2048K), 2 survivors (2048K)
 Metaspace       used 57057K, capacity 58756K, committed 58928K, reserved 1099776K
  class space    used 7242K, capacity 7802K, committed 7808K, reserved 1048576K
}
Event: 200.336 GC heap before
{Heap before GC invocations=17 (full 0):
 garbage-first heap   total 129024K, used 103150K [0x0000000080000000, 0x0000000100000000)
  region size 1024K, 34 young (34816K), 2 survivors (2048K)
 Metaspace       used 62263K, capacity 63972K, committed 64304K, reserved 1105920K
  class space    used 7889K, capacity 8474K, committed 8576K, reserved 1048576K
}
Event: 200.346 GC heap after
{Heap after GC invocations=18 (full 0):
 garbage-first heap   total 129024K, used 72276K [0x0000000080000000, 0x0000000100000000)
  region size 1024K, 4 young (4096K), 4 survivors (4096K)
 Metaspace       used 62263K, capacity 63972K, committed 64304K, reserved 1105920K
  class space    used 7889K, capacity 8474K, committed 8576K, reserved 1048576K
}
Event: 201.882 GC heap before
{Heap before GC invocations=18 (full 0):
 garbage-first heap   total 129024K, used 102996K [0x0000000080000000, 0x0000000100000000)
  region size 1024K, 35 young (35840K), 4 survivors (4096K)
 Metaspace       used 64705K, capacity 66417K, committed 66608K, reserved 1107968K
  class space    used 8184K, capacity 8771K, committed 8832K, reserved 1048576K
}
Event: 201.899 GC heap after
{Heap after GC invocations=19 (full 0):
 garbage-first heap   total 129024K, used 75028K [0x0000000080000000, 0x0000000100000000)
  region size 1024K, 5 young (5120K), 5 survivors (5120K)
 Metaspace       used 64705K, capacity 66417K, committed 66608K, reserved 1107968K
  class space    used 8184K, capacity 8771K, committed 8832K, reserved 1048576K
}
Event: 202.750 GC heap before
{Heap before GC invocations=20 (full 0):
 garbage-first heap   total 129024K, used 87316K [0x0000000080000000, 0x0000000100000000)
  region size 1024K, 18 young (18432K), 5 survivors (5120K)
 Metaspace       used 65860K, capacity 67570K, committed 67760K, reserved 1107968K
  class space    used 8339K, capacity 8942K, committed 8960K, reserved 1048576K
}
Event: 202.784 GC heap after
{Heap after GC invocations=21 (full 0):
 garbage-first heap   total 129024K, used 76254K [0x0000000080000000, 0x0000000100000000)
  region size 1024K, 2 young (2048K), 2 survivors (2048K)
 Metaspace       used 65860K, capacity 67570K, committed 67760K, reserved 1107968K
  class space    used 8339K, capacity 8942K, committed 8960K, reserved 1048576K
}
Event: 204.154 GC heap before
{Heap before GC invocations=22 (full 0):
 garbage-first heap   total 129024K, used 101854K [0x0000000080000000, 0x0000000100000000)
  region size 1024K, 26 young (26624K), 2 survivors (2048K)
 Metaspace       used 66858K, capacity 68662K, committed 68912K, reserved 1110016K
  class space    used 8486K, capacity 9086K, committed 9088K, reserved 1048576K
}
Event: 204.172 GC heap after
{Heap after GC invocations=23 (full 0):
 garbage-first heap   total 129024K, used 77636K [0x0000000080000000, 0x0000000100000000)
  region size 1024K, 3 young (3072K), 3 survivors (3072K)
 Metaspace       used 66858K, capacity 68662K, committed 68912K, reserved 1110016K
  class space    used 8486K, capacity 9086K, committed 9088K, reserved 1048576K
}
Event: 205.541 GC heap before
{Heap before GC invocations=23 (full 0):
 garbage-first heap   total 129024K, used 102212K [0x0000000080000000, 0x0000000100000000)
  region size 1024K, 28 young (28672K), 3 survivors (3072K)
 Metaspace       used 69618K, capacity 71520K, committed 71728K, reserved 1112064K
  class space    used 8947K, capacity 9593K, committed 9600K, reserved 1048576K
}
Event: 205.563 GC heap after
{Heap after GC invocations=24 (full 0):
 garbage-first heap   total 129024K, used 79172K [0x0000000080000000, 0x0000000100000000)
  region size 1024K, 4 young (4096K), 4 survivors (4096K)
 Metaspace       used 69618K, capacity 71520K, committed 71728K, reserved 1112064K
  class space    used 8947K, capacity 9593K, committed 9600K, reserved 1048576K
}
Event: 207.186 GC heap before
{Heap before GC invocations=25 (full 0):
 garbage-first heap   total 129024K, used 103748K [0x0000000080000000, 0x0000000100000000)
  region size 1024K, 29 young (29696K), 4 survivors (4096K)
 Metaspace       used 71907K, capacity 73883K, committed 74160K, reserved 1114112K
  class space    used 9190K, capacity 9886K, committed 9984K, reserved 1048576K
}
Event: 207.200 GC heap after
{Heap after GC invocations=26 (full 0):
 garbage-first heap   total 129024K, used 81018K [0x0000000080000000, 0x0000000100000000)
  region size 1024K, 4 young (4096K), 4 survivors (4096K)
 Metaspace       used 71907K, capacity 73883K, committed 74160K, reserved 1114112K
  class space    used 9190K, capacity 9886K, committed 9984K, reserved 1048576K
}
Event: 208.122 GC heap before
{Heap before GC invocations=26 (full 0):
 garbage-first heap   total 129024K, used 105594K [0x0000000080000000, 0x0000000100000000)
  region size 1024K, 28 young (28672K), 4 survivors (4096K)
 Metaspace       used 72058K, capacity 74116K, committed 74416K, reserved 1114112K
  class space    used 9205K, capacity 9922K, committed 9984K, reserved 1048576K
}
Event: 208.141 GC heap after
{Heap after GC invocations=27 (full 0):
 garbage-first heap   total 129024K, used 82796K [0x0000000080000000, 0x0000000100000000)
  region size 1024K, 4 young (4096K), 4 survivors (4096K)
 Metaspace       used 72058K, capacity 74116K, committed 74416K, reserved 1114112K
  class space    used 9205K, capacity 9922K, committed 9984K, reserved 1048576K
}
Event: 210.416 GC heap before
{Heap before GC invocations=28 (full 0):
 garbage-first heap   total 129024K, used 105324K [0x0000000080000000, 0x0000000100000000)
  region size 1024K, 27 young (27648K), 4 survivors (4096K)
 Metaspace       used 75027K, capacity 77081K, committed 77232K, reserved 1116160K
  class space    used 9685K, capacity 10377K, committed 10496K, reserved 1048576K
}
Event: 210.430 GC heap after
{Heap after GC invocations=29 (full 0):
 garbage-first heap   total 129024K, used 84016K [0x0000000080000000, 0x0000000100000000)
  region size 1024K, 4 young (4096K), 4 survivors (4096K)
 Metaspace       used 75027K, capacity 77081K, committed 77232K, reserved 1116160K
  class space    used 9685K, capacity 10377K, committed 10496K, reserved 1048576K
}

