# JRE version: OpenJDK Runtime Environment (11.0.11+9) (build 11.0.11+9-b60-7590822)
# Java VM: OpenJDK 64-Bit Server VM (11.0.11+9-b60-7590822, mixed mode, tiered, compressed oops, g1 gc, windows-amd64)
Heap:
 garbage-first heap   total 129024K, used 87767K [0x0000000080000000, 0x0000000100000000)
  region size 1024K, 34 young (34816K), 6 survivors (6144K)
 Metaspace       used 72171K, capacity 73959K, committed 74192K, reserved 1114112K
  class space    used 9393K, capacity 10033K, committed 10060K, reserved 1048576K
GC Heap History (20 events):
Event: 183.171 GC heap before
{Heap before GC invocations=7 (full 0):
 garbage-first heap   total 129024K, used 27978K [0x0000000080000000, 0x0000000100000000)
  region size 1024K, 13 young (13312K), 6 survivors (6144K)
 Metaspace       used 35125K, capacity 35928K, committed 36048K, reserved 1081344K
  class space    used 4537K, capacity 4863K, committed 4940K, reserved 1048576K
}
Event: 183.201 GC heap after
{Heap after GC invocations=8 (full 0):
 garbage-first heap   total 129024K, used 23321K [0x0000000080000000, 0x0000000100000000)
  region size 1024K, 6 young (6144K), 6 survivors (6144K)
 Metaspace       used 35125K, capacity 35928K, committed 36048K, reserved 1081344K
  class space    used 4537K, capacity 4863K, committed 4940K, reserved 1048576K
}
Event: 185.553 GC heap before
{Heap before GC invocations=9 (full 0):
 garbage-first heap   total 129024K, used 85785K [0x0000000080000000, 0x0000000100000000)
  region size 1024K, 65 young (66560K), 6 survivors (6144K)
 Metaspace       used 39479K, capacity 40477K, committed 40656K, reserved 1085440K
  class space    used 5034K, capacity 5393K, committed 5452K, reserved 1048576K
}
Event: 185.576 GC heap after
{Heap after GC invocations=10 (full 0):
 garbage-first heap   total 129024K, used 27980K [0x0000000080000000, 0x0000000100000000)
  region size 1024K, 9 young (9216K), 9 survivors (9216K)
 Metaspace       used 39479K, capacity 40477K, committed 40656K, reserved 1085440K
  class space    used 5034K, capacity 5393K, committed 5452K, reserved 1048576K
}
Event: 188.040 GC heap before
{Heap before GC invocations=10 (full 0):
 garbage-first heap   total 129024K, used 88396K [0x0000000080000000, 0x0000000100000000)
  region size 1024K, 67 young (68608K), 9 survivors (9216K)
 Metaspace       used 44911K, capacity 45975K, committed 46288K, reserved 1089536K
  class space    used 5748K, capacity 6129K, committed 6220K, reserved 1048576K
}
Event: 188.061 GC heap after
{Heap after GC invocations=11 (full 0):
 garbage-first heap   total 129024K, used 30211K [0x0000000080000000, 0x0000000100000000)
  region size 1024K, 3 young (3072K), 3 survivors (3072K)
 Metaspace       used 44911K, capacity 45975K, committed 46288K, reserved 1089536K
  class space    used 5748K, capacity 6129K, committed 6220K, reserved 1048576K
}
Event: 190.248 GC heap before
{Heap before GC invocations=11 (full 0):
 garbage-first heap   total 129024K, used 90627K [0x0000000080000000, 0x0000000100000000)
  region size 1024K, 62 young (63488K), 3 survivors (3072K)
 Metaspace       used 47907K, capacity 49194K, committed 49232K, reserved 1091584K
  class space    used 6106K, capacity 6583K, committed 6604K, reserved 1048576K
}
Event: 190.261 GC heap after
{Heap after GC invocations=12 (full 0):
 garbage-first heap   total 129024K, used 32259K [0x0000000080000000, 0x0000000100000000)
  region size 1024K, 5 young (5120K), 5 survivors (5120K)
 Metaspace       used 47907K, capacity 49194K, committed 49232K, reserved 1091584K
  class space    used 6106K, capacity 6583K, committed 6604K, reserved 1048576K
}
Event: 193.059 GC heap before
{Heap before GC invocations=12 (full 0):
 garbage-first heap   total 129024K, used 97795K [0x0000000080000000, 0x0000000100000000)
  region size 1024K, 65 young (66560K), 5 survivors (5120K)
 Metaspace       used 53976K, capacity 55339K, committed 55376K, reserved 1097728K
  class space    used 6872K, capacity 7357K, committed 7372K, reserved 1048576K
}
Event: 193.078 GC heap after
{Heap after GC invocations=13 (full 0):
 garbage-first heap   total 129024K, used 44939K [0x0000000080000000, 0x0000000100000000)
  region size 1024K, 9 young (9216K), 9 survivors (9216K)
 Metaspace       used 53976K, capacity 55339K, committed 55376K, reserved 1097728K
  class space    used 6872K, capacity 7357K, committed 7372K, reserved 1048576K
}
Event: 194.584 GC heap before
{Heap before GC invocations=13 (full 0):
 garbage-first heap   total 129024K, used 76683K [0x0000000080000000, 0x0000000100000000)
  region size 1024K, 41 young (41984K), 9 survivors (9216K)
 Metaspace       used 58879K, capacity 60368K, committed 60496K, reserved 1101824K
  class space    used 7477K, capacity 8028K, committed 8140K, reserved 1048576K
}
Event: 194.623 GC heap after
{Heap after GC invocations=14 (full 0):
 garbage-first heap   total 129024K, used 47196K [0x0000000080000000, 0x0000000100000000)
  region size 1024K, 2 young (2048K), 2 survivors (2048K)
 Metaspace       used 58879K, capacity 60368K, committed 60496K, reserved 1101824K
  class space    used 7477K, capacity 8028K, committed 8140K, reserved 1048576K
}
Event: 197.016 GC heap before
{Heap before GC invocations=15 (full 0):
 garbage-first heap   total 129024K, used 91228K [0x0000000080000000, 0x0000000100000000)
  region size 1024K, 46 young (47104K), 2 survivors (2048K)
 Metaspace       used 63300K, capacity 64799K, committed 65104K, reserved 1105920K
  class space    used 7991K, capacity 8560K, committed 8652K, reserved 1048576K
}
Event: 197.028 GC heap after
{Heap after GC invocations=16 (full 0):
 garbage-first heap   total 129024K, used 50762K [0x0000000080000000, 0x0000000100000000)
  region size 1024K, 6 young (6144K), 6 survivors (6144K)
 Metaspace       used 63300K, capacity 64799K, committed 65104K, reserved 1105920K
  class space    used 7991K, capacity 8560K, committed 8652K, reserved 1048576K
}
Event: 198.636 GC heap before
{Heap before GC invocations=16 (full 0):
 garbage-first heap   total 129024K, used 95818K [0x0000000080000000, 0x0000000100000000)
  region size 1024K, 49 young (50176K), 6 survivors (6144K)
 Metaspace       used 64828K, capacity 66441K, committed 66640K, reserved 1107968K
  class space    used 8238K, capacity 8842K, committed 8908K, reserved 1048576K
}
Event: 198.654 GC heap after
{Heap after GC invocations=17 (full 0):
 garbage-first heap   total 129024K, used 54260K [0x0000000080000000, 0x0000000100000000)
  region size 1024K, 4 young (4096K), 4 survivors (4096K)
 Metaspace       used 64828K, capacity 66441K, committed 66640K, reserved 1107968K
  class space    used 8238K, capacity 8842K, committed 8908K, reserved 1048576K
}
Event: 200.564 GC heap before
{Heap before GC invocations=17 (full 0):
 garbage-first heap   total 129024K, used 97268K [0x0000000080000000, 0x0000000100000000)
  region size 1024K, 46 young (47104K), 4 survivors (4096K)
 Metaspace       used 68550K, capacity 70195K, committed 70352K, reserved 1110016K
  class space    used 8872K, capacity 9495K, committed 9548K, reserved 1048576K
}
Event: 200.577 GC heap after
{Heap after GC invocations=18 (full 0):
 garbage-first heap   total 129024K, used 57146K [0x0000000080000000, 0x0000000100000000)
  region size 1024K, 3 young (3072K), 3 survivors (3072K)
 Metaspace       used 68550K, capacity 70195K, committed 70352K, reserved 1110016K
  class space    used 8872K, capacity 9495K, committed 9548K, reserved 1048576K
}
Event: 201.911 GC heap before
{Heap before GC invocations=18 (full 0):
 garbage-first heap   total 129024K, used 100154K [0x0000000080000000, 0x0000000100000000)
  region size 1024K, 45 young (46080K), 3 survivors (3072K)
 Metaspace       used 70586K, capacity 72263K, committed 72400K, reserved 1112064K
  class space    used 9153K, capacity 9753K, committed 9804K, reserved 1048576K
}
Event: 201.923 GC heap after
{Heap after GC invocations=19 (full 0):
 garbage-first heap   total 129024K, used 60119K [0x0000000080000000, 0x0000000100000000)
  region size 1024K, 6 young (6144K), 6 survivors (6144K)
 Metaspace       used 70586K, capacity 72263K, committed 72400K, reserved 1112064K
  class space    used 9153K, capacity 9753K, committed 9804K, reserved 1048576K
}

