# JRE version: OpenJDK Runtime Environment (11.0.11+9) (build 11.0.11+9-b60-7590822)
# Java VM: OpenJDK 64-Bit Server VM (11.0.11+9-b60-7590822, mixed mode, tiered, compressed oops, g1 gc, windows-amd64)
Heap:
 garbage-first heap   total 129024K, used 85938K [0x0000000080000000, 0x0000000100000000)
  region size 1024K, 6 young (6144K), 4 survivors (4096K)
 Metaspace       used 76743K, capacity 78859K, committed 79024K, reserved 1118208K
  class space    used 9970K, capacity 10685K, committed 10752K, reserved 1048576K
GC Heap History (20 events):
Event: 192.721 GC heap before
{Heap before GC invocations=13 (full 0):
 garbage-first heap   total 129024K, used 65643K [0x0000000080000000, 0x0000000100000000)
  region size 1024K, 11 young (11264K), 6 survivors (6144K)
 Metaspace       used 51024K, capacity 52622K, committed 52784K, reserved 1095680K
  class space    used 6485K, capacity 7014K, committed 7040K, reserved 1048576K
}
Event: 192.742 GC heap after
{Heap after GC invocations=14 (full 0):
 garbage-first heap   total 129024K, used 65157K [0x0000000080000000, 0x0000000100000000)
  region size 1024K, 3 young (3072K), 3 survivors (3072K)
 Metaspace       used 51024K, capacity 52622K, committed 52784K, reserved 1095680K
  class space    used 6485K, capacity 7014K, committed 7040K, reserved 1048576K
}
Event: 194.617 GC heap before
{Heap before GC invocations=15 (full 0):
 garbage-first heap   total 129024K, used 102021K [0x0000000080000000, 0x0000000100000000)
  region size 1024K, 37 young (37888K), 3 survivors (3072K)
 Metaspace       used 53897K, capacity 55485K, committed 55600K, reserved 1097728K
  class space    used 6957K, capacity 7479K, committed 7552K, reserved 1048576K
}
Event: 194.627 GC heap after
{Heap after GC invocations=16 (full 0):
 garbage-first heap   total 129024K, used 69781K [0x0000000080000000, 0x0000000100000000)
  region size 1024K, 5 young (5120K), 5 survivors (5120K)
 Metaspace       used 53897K, capacity 55485K, committed 55600K, reserved 1097728K
  class space    used 6957K, capacity 7479K, committed 7552K, reserved 1048576K
}
Event: 196.267 GC heap before
{Heap before GC invocations=16 (full 0):
 garbage-first heap   total 129024K, used 102549K [0x0000000080000000, 0x0000000100000000)
  region size 1024K, 37 young (37888K), 5 survivors (5120K)
 Metaspace       used 58032K, capacity 59831K, committed 59952K, reserved 1101824K
  class space    used 7432K, capacity 8009K, committed 8064K, reserved 1048576K
}
Event: 196.285 GC heap after
{Heap after GC invocations=17 (full 0):
 garbage-first heap   total 129024K, used 71567K [0x0000000080000000, 0x0000000100000000)
  region size 1024K, 5 young (5120K), 5 survivors (5120K)
 Metaspace       used 58032K, capacity 59831K, committed 59952K, reserved 1101824K
  class space    used 7432K, capacity 8009K, committed 8064K, reserved 1048576K
}
Event: 198.088 GC heap before
{Heap before GC invocations=18 (full 0):
 garbage-first heap   total 129024K, used 103311K [0x0000000080000000, 0x0000000100000000)
  region size 1024K, 36 young (36864K), 5 survivors (5120K)
 Metaspace       used 62430K, capacity 64263K, committed 64304K, reserved 1105920K
  class space    used 7983K, capacity 8546K, committed 8576K, reserved 1048576K
}
Event: 198.105 GC heap after
{Heap after GC invocations=19 (full 0):
 garbage-first heap   total 129024K, used 72729K [0x0000000080000000, 0x0000000100000000)
  region size 1024K, 3 young (3072K), 3 survivors (3072K)
 Metaspace       used 62430K, capacity 64263K, committed 64304K, reserved 1105920K
  class space    used 7983K, capacity 8546K, committed 8576K, reserved 1048576K
}
Event: 200.152 GC heap before
{Heap before GC invocations=19 (full 0):
 garbage-first heap   total 129024K, used 103449K [0x0000000080000000, 0x0000000100000000)
  region size 1024K, 34 young (34816K), 3 survivors (3072K)
 Metaspace       used 67238K, capacity 69124K, committed 69296K, reserved 1110016K
  class space    used 8578K, capacity 9206K, committed 9216K, reserved 1048576K
}
Event: 200.172 GC heap after
{Heap after GC invocations=20 (full 0):
 garbage-first heap   total 129024K, used 76306K [0x0000000080000000, 0x0000000100000000)
  region size 1024K, 5 young (5120K), 5 survivors (5120K)
 Metaspace       used 67238K, capacity 69124K, committed 69296K, reserved 1110016K
  class space    used 8578K, capacity 9206K, committed 9216K, reserved 1048576K
}
Event: 201.976 GC heap before
{Heap before GC invocations=21 (full 0):
 garbage-first heap   total 129024K, used 104978K [0x0000000080000000, 0x0000000100000000)
  region size 1024K, 34 young (34816K), 5 survivors (5120K)
 Metaspace       used 69680K, capacity 71569K, committed 71728K, reserved 1112064K
  class space    used 8875K, capacity 9503K, committed 9600K, reserved 1048576K
}
Event: 201.990 GC heap after
{Heap after GC invocations=22 (full 0):
 garbage-first heap   total 129024K, used 77507K [0x0000000080000000, 0x0000000100000000)
  region size 1024K, 2 young (2048K), 2 survivors (2048K)
 Metaspace       used 69680K, capacity 71569K, committed 71728K, reserved 1112064K
  class space    used 8875K, capacity 9503K, committed 9600K, reserved 1048576K
}
Event: 202.596 GC heap before
{Heap before GC invocations=22 (full 0):
 garbage-first heap   total 129024K, used 89795K [0x0000000080000000, 0x0000000100000000)
  region size 1024K, 15 young (15360K), 2 survivors (2048K)
 Metaspace       used 70822K, capacity 72722K, committed 72880K, reserved 1112064K
  class space    used 9029K, capacity 9674K, committed 9728K, reserved 1048576K
}
Event: 202.614 GC heap after
{Heap after GC invocations=23 (full 0):
 garbage-first heap   total 129024K, used 78349K [0x0000000080000000, 0x0000000100000000)
  region size 1024K, 3 young (3072K), 3 survivors (3072K)
 Metaspace       used 70822K, capacity 72722K, committed 72880K, reserved 1112064K
  class space    used 9029K, capacity 9674K, committed 9728K, reserved 1048576K
}
Event: 204.185 GC heap before
{Heap before GC invocations=24 (full 0):
 garbage-first heap   total 129024K, used 101901K [0x0000000080000000, 0x0000000100000000)
  region size 1024K, 25 young (25600K), 3 survivors (3072K)
 Metaspace       used 71716K, capacity 73669K, committed 73776K, reserved 1114112K
  class space    used 9162K, capacity 9811K, committed 9856K, reserved 1048576K
}
Event: 204.197 GC heap after
{Heap after GC invocations=25 (full 0):
 garbage-first heap   total 129024K, used 79936K [0x0000000080000000, 0x0000000100000000)
  region size 1024K, 3 young (3072K), 3 survivors (3072K)
 Metaspace       used 71716K, capacity 73669K, committed 73776K, reserved 1114112K
  class space    used 9162K, capacity 9811K, committed 9856K, reserved 1048576K
}
Event: 208.376 GC heap before
{Heap before GC invocations=25 (full 0):
 garbage-first heap   total 129024K, used 102464K [0x0000000080000000, 0x0000000100000000)
  region size 1024K, 25 young (25600K), 3 survivors (3072K)
 Metaspace       used 71798K, capacity 73861K, committed 74032K, reserved 1114112K
  class space    used 9174K, capacity 9853K, committed 9856K, reserved 1048576K
}
Event: 208.399 GC heap after
{Heap after GC invocations=26 (full 0):
 garbage-first heap   total 129024K, used 81747K [0x0000000080000000, 0x0000000100000000)
  region size 1024K, 4 young (4096K), 4 survivors (4096K)
 Metaspace       used 71798K, capacity 73861K, committed 74032K, reserved 1114112K
  class space    used 9174K, capacity 9853K, committed 9856K, reserved 1048576K
}
Event: 210.045 GC heap before
{Heap before GC invocations=27 (full 0):
 garbage-first heap   total 129024K, used 104275K [0x0000000080000000, 0x0000000100000000)
  region size 1024K, 26 young (26624K), 4 survivors (4096K)
 Metaspace       used 73777K, capacity 75820K, committed 75952K, reserved 1116160K
  class space    used 9456K, capacity 10143K, committed 10240K, reserved 1048576K
}
Event: 210.061 GC heap after
{Heap after GC invocations=28 (full 0):
 garbage-first heap   total 129024K, used 83507K [0x0000000080000000, 0x0000000100000000)
  region size 1024K, 4 young (4096K), 4 survivors (4096K)
 Metaspace       used 73777K, capacity 75820K, committed 75952K, reserved 1116160K
  class space    used 9456K, capacity 10143K, committed 10240K, reserved 1048576K
}

