# JRE version: OpenJDK Runtime Environment (11.0.11+9) (build 11.0.11+9-b60-7590822)
# Java VM: OpenJDK 64-Bit Server VM (11.0.11+9-b60-7590822, mixed mode, tiered, compressed oops, g1 gc, windows-amd64)
Heap:
 garbage-first heap   total 270336K, used 173001K [0x0000000080000000, 0x0000000100000000)
  region size 1024K, 30 young (30720K), 2 survivors (2048K)
 Metaspace       used 132950K, capacity 136949K, committed 137320K, reserved 1169408K
  class space    used 16676K, capacity 18202K, committed 18432K, reserved 1048576K
GC Heap History (20 events):
Event: 3631.708 GC heap before
{Heap before GC invocations=106 (full 0):
 garbage-first heap   total 270336K, used 159695K [0x0000000080000000, 0x0000000100000000)
  region size 1024K, 13 young (13312K), 5 survivors (5120K)
 Metaspace       used 131095K, capacity 134667K, committed 136552K, reserved 1167360K
  class space    used 16478K, capacity 17840K, committed 18432K, reserved 1048576K
}
Event: 3631.762 GC heap after
{Heap after GC invocations=107 (full 0):
 garbage-first heap   total 270336K, used 143371K [0x0000000080000000, 0x0000000100000000)
  region size 1024K, 2 young (2048K), 2 survivors (2048K)
 Metaspace       used 131095K, capacity 134667K, committed 136552K, reserved 1167360K
  class space    used 16478K, capacity 17840K, committed 18432K, reserved 1048576K
}
Event: 3632.510 GC heap before
{Heap before GC invocations=107 (full 0):
 garbage-first heap   total 270336K, used 158731K [0x0000000080000000, 0x0000000100000000)
  region size 1024K, 19 young (19456K), 2 survivors (2048K)
 Metaspace       used 131107K, capacity 134673K, committed 136552K, reserved 1167360K
  class space    used 16480K, capacity 17842K, committed 18432K, reserved 1048576K
}
Event: 3632.527 GC heap after
{Heap after GC invocations=108 (full 0):
 garbage-first heap   total 270336K, used 142537K [0x0000000080000000, 0x0000000100000000)
  region size 1024K, 1 young (1024K), 1 survivors (1024K)
 Metaspace       used 131107K, capacity 134673K, committed 136552K, reserved 1167360K
  class space    used 16480K, capacity 17842K, committed 18432K, reserved 1048576K
}
Event: 4406.586 GC heap before
{Heap before GC invocations=109 (full 0):
 garbage-first heap   total 270336K, used 225481K [0x0000000080000000, 0x0000000100000000)
  region size 1024K, 78 young (79872K), 1 survivors (1024K)
 Metaspace       used 131360K, capacity 134925K, committed 136552K, reserved 1167360K
  class space    used 16496K, capacity 17871K, committed 18432K, reserved 1048576K
}
Event: 4406.612 GC heap after
{Heap after GC invocations=110 (full 0):
 garbage-first heap   total 270336K, used 148281K [0x0000000080000000, 0x0000000100000000)
  region size 1024K, 10 young (10240K), 10 survivors (10240K)
 Metaspace       used 131360K, capacity 134925K, committed 136552K, reserved 1167360K
  class space    used 16496K, capacity 17871K, committed 18432K, reserved 1048576K
}
Event: 4406.730 GC heap before
{Heap before GC invocations=110 (full 0):
 garbage-first heap   total 270336K, used 151353K [0x0000000080000000, 0x0000000100000000)
  region size 1024K, 13 young (13312K), 10 survivors (10240K)
 Metaspace       used 131360K, capacity 134925K, committed 136552K, reserved 1167360K
  class space    used 16496K, capacity 17871K, committed 18432K, reserved 1048576K
}
Event: 4406.774 GC heap after
{Heap after GC invocations=111 (full 0):
 garbage-first heap   total 270336K, used 141822K [0x0000000080000000, 0x0000000100000000)
  region size 1024K, 2 young (2048K), 2 survivors (2048K)
 Metaspace       used 131360K, capacity 134925K, committed 136552K, reserved 1167360K
  class space    used 16496K, capacity 17871K, committed 18432K, reserved 1048576K
}
Event: 4410.707 GC heap before
{Heap before GC invocations=111 (full 0):
 garbage-first heap   total 270336K, used 211454K [0x0000000080000000, 0x0000000100000000)
  region size 1024K, 72 young (73728K), 2 survivors (2048K)
 Metaspace       used 131724K, capacity 135353K, committed 136552K, reserved 1167360K
  class space    used 16497K, capacity 17872K, committed 18432K, reserved 1048576K
}
Event: 4410.741 GC heap after
{Heap after GC invocations=112 (full 0):
 garbage-first heap   total 270336K, used 147159K [0x0000000080000000, 0x0000000100000000)
  region size 1024K, 7 young (7168K), 7 survivors (7168K)
 Metaspace       used 131724K, capacity 135353K, committed 136552K, reserved 1167360K
  class space    used 16497K, capacity 17872K, committed 18432K, reserved 1048576K
}
Event: 4454.065 GC heap before
{Heap before GC invocations=113 (full 0):
 garbage-first heap   total 270336K, used 230103K [0x0000000080000000, 0x0000000100000000)
  region size 1024K, 79 young (80896K), 7 survivors (7168K)
 Metaspace       used 132168K, capacity 135915K, committed 136552K, reserved 1167360K
  class space    used 16544K, capacity 17959K, committed 18432K, reserved 1048576K
}
Event: 4454.105 GC heap after
{Heap after GC invocations=114 (full 0):
 garbage-first heap   total 270336K, used 159682K [0x0000000080000000, 0x0000000100000000)
  region size 1024K, 10 young (10240K), 10 survivors (10240K)
 Metaspace       used 132168K, capacity 135915K, committed 136552K, reserved 1167360K
  class space    used 16544K, capacity 17959K, committed 18432K, reserved 1048576K
}
Event: 4454.158 GC heap before
{Heap before GC invocations=114 (full 0):
 garbage-first heap   total 270336K, used 162754K [0x0000000080000000, 0x0000000100000000)
  region size 1024K, 13 young (13312K), 10 survivors (10240K)
 Metaspace       used 132170K, capacity 135915K, committed 136552K, reserved 1167360K
  class space    used 16544K, capacity 17959K, committed 18432K, reserved 1048576K
}
Event: 4454.226 GC heap after
{Heap after GC invocations=115 (full 0):
 garbage-first heap   total 270336K, used 151816K [0x0000000080000000, 0x0000000100000000)
  region size 1024K, 2 young (2048K), 2 survivors (2048K)
 Metaspace       used 132170K, capacity 135915K, committed 136552K, reserved 1167360K
  class space    used 16544K, capacity 17959K, committed 18432K, reserved 1048576K
}
Event: 4456.273 GC heap before
{Heap before GC invocations=115 (full 0):
 garbage-first heap   total 270336K, used 197896K [0x0000000080000000, 0x0000000100000000)
  region size 1024K, 49 young (50176K), 2 survivors (2048K)
 Metaspace       used 132309K, capacity 136126K, committed 136808K, reserved 1167360K
  class space    used 16545K, capacity 17960K, committed 18432K, reserved 1048576K
}
Event: 4456.305 GC heap after
{Heap after GC invocations=116 (full 0):
 garbage-first heap   total 270336K, used 155168K [0x0000000080000000, 0x0000000100000000)
  region size 1024K, 6 young (6144K), 6 survivors (6144K)
 Metaspace       used 132309K, capacity 136126K, committed 136808K, reserved 1167360K
  class space    used 16545K, capacity 17960K, committed 18432K, reserved 1048576K
}
Event: 4463.122 GC heap before
{Heap before GC invocations=117 (full 0):
 garbage-first heap   total 270336K, used 221728K [0x0000000080000000, 0x0000000100000000)
  region size 1024K, 64 young (65536K), 6 survivors (6144K)
 Metaspace       used 132798K, capacity 136797K, committed 137320K, reserved 1169408K
  class space    used 16650K, capacity 18153K, committed 18432K, reserved 1048576K
}
Event: 4463.155 GC heap after
{Heap after GC invocations=118 (full 0):
 garbage-first heap   total 270336K, used 160717K [0x0000000080000000, 0x0000000100000000)
  region size 1024K, 8 young (8192K), 8 survivors (8192K)
 Metaspace       used 132798K, capacity 136797K, committed 137320K, reserved 1169408K
  class space    used 16650K, capacity 18153K, committed 18432K, reserved 1048576K
}
Event: 4580.522 GC heap before
{Heap before GC invocations=118 (full 0):
 garbage-first heap   total 270336K, used 165837K [0x0000000080000000, 0x0000000100000000)
  region size 1024K, 13 young (13312K), 8 survivors (8192K)
 Metaspace       used 132900K, capacity 136948K, committed 137320K, reserved 1169408K
  class space    used 16676K, capacity 18202K, committed 18432K, reserved 1048576K
}
Event: 4580.573 GC heap after
{Heap after GC invocations=119 (full 0):
 garbage-first heap   total 270336K, used 145353K [0x0000000080000000, 0x0000000100000000)
  region size 1024K, 2 young (2048K), 2 survivors (2048K)
 Metaspace       used 132900K, capacity 136948K, committed 137320K, reserved 1169408K
  class space    used 16676K, capacity 18202K, committed 18432K, reserved 1048576K
}

