# JRE version: OpenJDK Runtime Environment (11.0.11+9) (build 11.0.11+9-b60-7590822)
# Java VM: OpenJDK 64-Bit Server VM (11.0.11+9-b60-7590822, mixed mode, tiered, compressed oops, g1 gc, windows-amd64)
Heap:
 garbage-first heap   total 155648K, used 104116K [0x0000000080000000, 0x0000000100000000)
  region size 1024K, 7 young (7168K), 3 survivors (3072K)
 Metaspace       used 112549K, capacity 115764K, committed 116176K, reserved 1148928K
  class space    used 14793K, capacity 15977K, committed 16204K, reserved 1048576K
GC Heap History (20 events):
Event: 232.576 GC heap before
{Heap before GC invocations=36 (full 0):
 garbage-first heap   total 155648K, used 125850K [0x0000000080000000, 0x0000000100000000)
  region size 1024K, 37 young (37888K), 2 survivors (2048K)
 Metaspace       used 94398K, capacity 96831K, committed 96976K, reserved 1132544K
  class space    used 12192K, capacity 13073K, committed 13132K, reserved 1048576K
}
Event: 232.594 GC heap after
{Heap after GC invocations=37 (full 0):
 garbage-first heap   total 155648K, used 94157K [0x0000000080000000, 0x0000000100000000)
  region size 1024K, 5 young (5120K), 5 survivors (5120K)
 Metaspace       used 94398K, capacity 96831K, committed 96976K, reserved 1132544K
  class space    used 12192K, capacity 13073K, committed 13132K, reserved 1048576K
}
Event: 232.976 GC heap before
{Heap before GC invocations=37 (full 0):
 garbage-first heap   total 155648K, used 101325K [0x0000000080000000, 0x0000000100000000)
  region size 1024K, 14 young (14336K), 5 survivors (5120K)
 Metaspace       used 96341K, capacity 98856K, committed 99024K, reserved 1134592K
  class space    used 12422K, capacity 13304K, committed 13388K, reserved 1048576K
}
Event: 233.033 GC heap after
{Heap after GC invocations=38 (full 0):
 garbage-first heap   total 155648K, used 95185K [0x0000000080000000, 0x0000000100000000)
  region size 1024K, 2 young (2048K), 2 survivors (2048K)
 Metaspace       used 96341K, capacity 98856K, committed 99024K, reserved 1134592K
  class space    used 12422K, capacity 13304K, committed 13388K, reserved 1048576K
}
Event: 235.215 GC heap before
{Heap before GC invocations=39 (full 0):
 garbage-first heap   total 155648K, used 126929K [0x0000000080000000, 0x0000000100000000)
  region size 1024K, 31 young (31744K), 2 survivors (2048K)
 Metaspace       used 97249K, capacity 99804K, committed 99920K, reserved 1136640K
  class space    used 12505K, capacity 13403K, committed 13516K, reserved 1048576K
}
Event: 235.235 GC heap after
{Heap after GC invocations=40 (full 0):
 garbage-first heap   total 155648K, used 104612K [0x0000000080000000, 0x0000000100000000)
  region size 1024K, 4 young (4096K), 4 survivors (4096K)
 Metaspace       used 97249K, capacity 99804K, committed 99920K, reserved 1136640K
  class space    used 12505K, capacity 13403K, committed 13516K, reserved 1048576K
}
Event: 237.055 GC heap before
{Heap before GC invocations=40 (full 0):
 garbage-first heap   total 155648K, used 126116K [0x0000000080000000, 0x0000000100000000)
  region size 1024K, 26 young (26624K), 4 survivors (4096K)
 Metaspace       used 99337K, capacity 101942K, committed 102224K, reserved 1138688K
  class space    used 12773K, capacity 13718K, committed 13772K, reserved 1048576K
}
Event: 237.070 GC heap after
{Heap after GC invocations=41 (full 0):
 garbage-first heap   total 155648K, used 106315K [0x0000000080000000, 0x0000000100000000)
  region size 1024K, 2 young (2048K), 2 survivors (2048K)
 Metaspace       used 99337K, capacity 101942K, committed 102224K, reserved 1138688K
  class space    used 12773K, capacity 13718K, committed 13772K, reserved 1048576K
}
Event: 238.528 GC heap before
{Heap before GC invocations=42 (full 0):
 garbage-first heap   total 155648K, used 127819K [0x0000000080000000, 0x0000000100000000)
  region size 1024K, 24 young (24576K), 2 survivors (2048K)
 Metaspace       used 105002K, capacity 107869K, committed 108112K, reserved 1142784K
  class space    used 13663K, capacity 14735K, committed 14796K, reserved 1048576K
}
Event: 238.541 GC heap after
{Heap after GC invocations=43 (full 0):
 garbage-first heap   total 155648K, used 107191K [0x0000000080000000, 0x0000000100000000)
  region size 1024K, 3 young (3072K), 3 survivors (3072K)
 Metaspace       used 105002K, capacity 107869K, committed 108112K, reserved 1142784K
  class space    used 13663K, capacity 14735K, committed 14796K, reserved 1048576K
}
Event: 238.777 GC heap before
{Heap before GC invocations=43 (full 0):
 garbage-first heap   total 155648K, used 110263K [0x0000000080000000, 0x0000000100000000)
  region size 1024K, 7 young (7168K), 3 survivors (3072K)
 Metaspace       used 106010K, capacity 108949K, committed 109136K, reserved 1142784K
  class space    used 13849K, capacity 14955K, committed 15052K, reserved 1048576K
}
Event: 238.789 GC heap after
{Heap after GC invocations=44 (full 0):
 garbage-first heap   total 155648K, used 104517K [0x0000000080000000, 0x0000000100000000)
  region size 1024K, 1 young (1024K), 1 survivors (1024K)
 Metaspace       used 106010K, capacity 108949K, committed 109136K, reserved 1142784K
  class space    used 13849K, capacity 14955K, committed 15052K, reserved 1048576K
}
Event: 240.587 GC heap before
{Heap before GC invocations=44 (full 0):
 garbage-first heap   total 155648K, used 128069K [0x0000000080000000, 0x0000000100000000)
  region size 1024K, 24 young (24576K), 1 survivors (1024K)
 Metaspace       used 110193K, capacity 113430K, committed 113616K, reserved 1146880K
  class space    used 14604K, capacity 15842K, committed 15948K, reserved 1048576K
}
Event: 240.598 GC heap after
{Heap after GC invocations=45 (full 0):
 garbage-first heap   total 155648K, used 105436K [0x0000000080000000, 0x0000000100000000)
  region size 1024K, 2 young (2048K), 2 survivors (2048K)
 Metaspace       used 110193K, capacity 113430K, committed 113616K, reserved 1146880K
  class space    used 14604K, capacity 15842K, committed 15948K, reserved 1048576K
}
Event: 242.231 GC heap before
{Heap before GC invocations=46 (full 0):
 garbage-first heap   total 155648K, used 136156K [0x0000000080000000, 0x0000000100000000)
  region size 1024K, 25 young (25600K), 2 survivors (2048K)
 Metaspace       used 111532K, capacity 114781K, committed 115024K, reserved 1148928K
  class space    used 14740K, capacity 15958K, committed 16076K, reserved 1048576K
}
Event: 242.242 GC heap after
{Heap after GC invocations=47 (full 0):
 garbage-first heap   total 155648K, used 106530K [0x0000000080000000, 0x0000000100000000)
  region size 1024K, 3 young (3072K), 3 survivors (3072K)
 Metaspace       used 111532K, capacity 114781K, committed 115024K, reserved 1148928K
  class space    used 14740K, capacity 15958K, committed 16076K, reserved 1048576K
}
Event: 242.880 GC heap before
{Heap before GC invocations=47 (full 0):
 garbage-first heap   total 155648K, used 110626K [0x0000000080000000, 0x0000000100000000)
  region size 1024K, 7 young (7168K), 3 survivors (3072K)
 Metaspace       used 112007K, capacity 115233K, committed 115664K, reserved 1148928K
  class space    used 14811K, capacity 16046K, committed 16204K, reserved 1048576K
}
Event: 242.890 GC heap after
{Heap after GC invocations=48 (full 0):
 garbage-first heap   total 155648K, used 98336K [0x0000000080000000, 0x0000000100000000)
  region size 1024K, 1 young (1024K), 1 survivors (1024K)
 Metaspace       used 112007K, capacity 115233K, committed 115664K, reserved 1148928K
  class space    used 14811K, capacity 16046K, committed 16204K, reserved 1048576K
}
Event: 255.254 GC heap before
{Heap before GC invocations=48 (full 0):
 garbage-first heap   total 155648K, used 125984K [0x0000000080000000, 0x0000000100000000)
  region size 1024K, 28 young (28672K), 1 survivors (1024K)
 Metaspace       used 112633K, capacity 116023K, committed 116176K, reserved 1148928K
  class space    used 14851K, capacity 16077K, committed 16204K, reserved 1048576K
}
Event: 255.301 GC heap after
{Heap after GC invocations=49 (full 0):
 garbage-first heap   total 155648K, used 101044K [0x0000000080000000, 0x0000000100000000)
  region size 1024K, 3 young (3072K), 3 survivors (3072K)
 Metaspace       used 112633K, capacity 116023K, committed 116176K, reserved 1148928K
  class space    used 14851K, capacity 16077K, committed 16204K, reserved 1048576K
}

